WARNING:py.warnings:/tmp/ipykernel_3009950/4040419182.py:13: SettingWithCopyWarning: 
A value is trying to be set on a copy of a slice from a DataFrame

See the caveats in the documentation: https://pandas.pydata.org/pandas-docs/stable/user_guide/indexing.html#returning-a-view-versus-a-copy
  df_names[i+j-1].sort_values(by='MONAT', inplace=True, ascending=False)

WARNING:py.warnings:/tmp/ipykernel_3009950/4040419182.py:13: SettingWithCopyWarning: 
A value is trying to be set on a copy of a slice from a DataFrame

See the caveats in the documentation: https://pandas.pydata.org/pandas-docs/stable/user_guide/indexing.html#returning-a-view-versus-a-copy
  df_names[i+j-1].sort_values(by='MONAT', inplace=True, ascending=False)

WARNING:py.warnings:/tmp/ipykernel_3009950/4040419182.py:13: SettingWithCopyWarning: 
A value is trying to be set on a copy of a slice from a DataFrame

See the caveats in the documentation: https://pandas.pydata.org/pandas-docs/stable/user_guide/indexing.html#returning-a-view-versus-a-copy
  df_names[i+j-1].sort_values(by='MONAT', inplace=True, ascending=False)

WARNING:py.warnings:/tmp/ipykernel_3009950/4040419182.py:13: SettingWithCopyWarning: 
A value is trying to be set on a copy of a slice from a DataFrame

See the caveats in the documentation: https://pandas.pydata.org/pandas-docs/stable/user_guide/indexing.html#returning-a-view-versus-a-copy
  df_names[i+j-1].sort_values(by='MONAT', inplace=True, ascending=False)

WARNING:py.warnings:/tmp/ipykernel_3009950/4040419182.py:13: SettingWithCopyWarning: 
A value is trying to be set on a copy of a slice from a DataFrame

See the caveats in the documentation: https://pandas.pydata.org/pandas-docs/stable/user_guide/indexing.html#returning-a-view-versus-a-copy
  df_names[i+j-1].sort_values(by='MONAT', inplace=True, ascending=False)

WARNING:py.warnings:/tmp/ipykernel_3009950/4040419182.py:13: SettingWithCopyWarning: 
A value is trying to be set on a copy of a slice from a DataFrame

See the caveats in the documentation: https://pandas.pydata.org/pandas-docs/stable/user_guide/indexing.html#returning-a-view-versus-a-copy
  df_names[i+j-1].sort_values(by='MONAT', inplace=True, ascending=False)

WARNING:py.warnings:/tmp/ipykernel_3009950/4040419182.py:13: SettingWithCopyWarning: 
A value is trying to be set on a copy of a slice from a DataFrame

See the caveats in the documentation: https://pandas.pydata.org/pandas-docs/stable/user_guide/indexing.html#returning-a-view-versus-a-copy
  df_names[i+j-1].sort_values(by='MONAT', inplace=True, ascending=False)

INFO:__main__:(252, 2)
INFO:__main__:(12, 2)
INFO:NP.df_utils:Major frequency -31D corresponds to 57.937% of the data.
WARNING:NP.df_utils:Dataframe has multiple frequencies. It will be resampled according to given freq MS. Ignore                     message if actual frequency is any of the following:  SM, BM, CBM, SMS, BMS, CBMS, BQ, BQS, BA,                         or, BAS.
INFO:NP.df_utils:Returning df with no ID column
INFO:NP.df_utils:Returning df with no ID column
INFO:__main__:Dataset size:264
INFO:__main__:Train dataset size:215
INFO:__main__:Validation dataset size:37
WARNING:NP.forecaster:When Global modeling with local normalization, metrics are displayed in normalized scale.
INFO:NP.df_utils:Major frequency -31D corresponds to 57.674% of the data.
WARNING:NP.df_utils:Dataframe has multiple frequencies. It will be resampled according to given freq MS. Ignore                     message if actual frequency is any of the following:  SM, BM, CBM, SMS, BMS, CBMS, BQ, BQS, BA,                         or, BAS.
INFO:NP.config:Setting normalization to global as only one dataframe provided for training.
INFO:NP.utils:Disabling weekly seasonality. Run NeuralProphet with weekly_seasonality=True to override this.
INFO:NP.utils:Disabling daily seasonality. Run NeuralProphet with daily_seasonality=True to override this.
WARNING:py.warnings:/u/halle/zhouni/home_at/.local/lib/python3.10/site-packages/torch/cuda/__init__.py:546: UserWarning: Can't initialize NVML
  warnings.warn("Can't initialize NVML")

INFO:NP.df_utils:Major frequency -31D corresponds to 50.0% of the data.
WARNING:NP.df_utils:Dataframe has multiple frequencies. It will be resampled according to given freq MS. Ignore                     message if actual frequency is any of the following:  SM, BM, CBM, SMS, BMS, CBMS, BQ, BQS, BA,                         or, BAS.
INFO:__main__:{'learning_rate': 0.001, 'normalize': 'minmax', 'epochs': 300, 'batch_size': 3}
INFO:__main__:training MAE:7.140061378479004
INFO:__main__:training RMSE:8.281704902648926
INFO:__main__:validation MAE:54.48221206665039
INFO:__main__:validation RMSE:57.16983413696289
INFO:__main__:test MAE:7.935983180999756
INFO:__main__:test RMSE:8.925174713134766
INFO:__main__:---------------------------------
WARNING:NP.forecaster:When Global modeling with local normalization, metrics are displayed in normalized scale.
INFO:NP.df_utils:Major frequency -31D corresponds to 57.674% of the data.
WARNING:NP.df_utils:Dataframe has multiple frequencies. It will be resampled according to given freq MS. Ignore                     message if actual frequency is any of the following:  SM, BM, CBM, SMS, BMS, CBMS, BQ, BQS, BA,                         or, BAS.
INFO:NP.config:Setting normalization to global as only one dataframe provided for training.
INFO:NP.utils:Disabling weekly seasonality. Run NeuralProphet with weekly_seasonality=True to override this.
INFO:NP.utils:Disabling daily seasonality. Run NeuralProphet with daily_seasonality=True to override this.
INFO:NP.df_utils:Major frequency -31D corresponds to 50.0% of the data.
WARNING:NP.df_utils:Dataframe has multiple frequencies. It will be resampled according to given freq MS. Ignore                     message if actual frequency is any of the following:  SM, BM, CBM, SMS, BMS, CBMS, BQ, BQS, BA,                         or, BAS.
INFO:__main__:{'learning_rate': 0.001, 'normalize': 'minmax', 'epochs': 300, 'batch_size': 6}
INFO:__main__:training MAE:7.929105281829834
INFO:__main__:training RMSE:9.964113235473633
INFO:__main__:validation MAE:53.349483489990234
INFO:__main__:validation RMSE:55.58884048461914
INFO:__main__:test MAE:7.813564300537109
INFO:__main__:test RMSE:8.738506317138672
INFO:__main__:---------------------------------
WARNING:NP.forecaster:When Global modeling with local normalization, metrics are displayed in normalized scale.
INFO:NP.df_utils:Major frequency -31D corresponds to 57.674% of the data.
WARNING:NP.df_utils:Dataframe has multiple frequencies. It will be resampled according to given freq MS. Ignore                     message if actual frequency is any of the following:  SM, BM, CBM, SMS, BMS, CBMS, BQ, BQS, BA,                         or, BAS.
INFO:NP.config:Setting normalization to global as only one dataframe provided for training.
INFO:NP.utils:Disabling weekly seasonality. Run NeuralProphet with weekly_seasonality=True to override this.
INFO:NP.utils:Disabling daily seasonality. Run NeuralProphet with daily_seasonality=True to override this.
INFO:NP.df_utils:Major frequency -31D corresponds to 50.0% of the data.
WARNING:NP.df_utils:Dataframe has multiple frequencies. It will be resampled according to given freq MS. Ignore                     message if actual frequency is any of the following:  SM, BM, CBM, SMS, BMS, CBMS, BQ, BQS, BA,                         or, BAS.
INFO:__main__:{'learning_rate': 0.001, 'normalize': 'minmax', 'epochs': 300, 'batch_size': 12}
INFO:__main__:training MAE:9.394996643066406
INFO:__main__:training RMSE:12.129997253417969
INFO:__main__:validation MAE:41.84213638305664
INFO:__main__:validation RMSE:43.5760612487793
INFO:__main__:test MAE:8.431775093078613
INFO:__main__:test RMSE:9.474827766418457
INFO:__main__:---------------------------------
WARNING:NP.forecaster:When Global modeling with local normalization, metrics are displayed in normalized scale.
INFO:NP.df_utils:Major frequency -31D corresponds to 57.674% of the data.
WARNING:NP.df_utils:Dataframe has multiple frequencies. It will be resampled according to given freq MS. Ignore                     message if actual frequency is any of the following:  SM, BM, CBM, SMS, BMS, CBMS, BQ, BQS, BA,                         or, BAS.
INFO:NP.config:Setting normalization to global as only one dataframe provided for training.
INFO:NP.utils:Disabling weekly seasonality. Run NeuralProphet with weekly_seasonality=True to override this.
INFO:NP.utils:Disabling daily seasonality. Run NeuralProphet with daily_seasonality=True to override this.
INFO:NP.df_utils:Major frequency -31D corresponds to 50.0% of the data.
WARNING:NP.df_utils:Dataframe has multiple frequencies. It will be resampled according to given freq MS. Ignore                     message if actual frequency is any of the following:  SM, BM, CBM, SMS, BMS, CBMS, BQ, BQS, BA,                         or, BAS.
INFO:__main__:{'learning_rate': 0.001, 'normalize': 'soft', 'epochs': 300, 'batch_size': 3}
INFO:__main__:training MAE:5.3369317054748535
INFO:__main__:training RMSE:6.220020771026611
INFO:__main__:validation MAE:13.489726066589355
INFO:__main__:validation RMSE:16.234230041503906
INFO:__main__:test MAE:8.398089408874512
INFO:__main__:test RMSE:9.890443801879883
INFO:__main__:---------------------------------
WARNING:NP.forecaster:When Global modeling with local normalization, metrics are displayed in normalized scale.
INFO:NP.df_utils:Major frequency -31D corresponds to 57.674% of the data.
WARNING:NP.df_utils:Dataframe has multiple frequencies. It will be resampled according to given freq MS. Ignore                     message if actual frequency is any of the following:  SM, BM, CBM, SMS, BMS, CBMS, BQ, BQS, BA,                         or, BAS.
INFO:NP.config:Setting normalization to global as only one dataframe provided for training.
INFO:NP.utils:Disabling weekly seasonality. Run NeuralProphet with weekly_seasonality=True to override this.
INFO:NP.utils:Disabling daily seasonality. Run NeuralProphet with daily_seasonality=True to override this.
INFO:NP.df_utils:Major frequency -31D corresponds to 50.0% of the data.
WARNING:NP.df_utils:Dataframe has multiple frequencies. It will be resampled according to given freq MS. Ignore                     message if actual frequency is any of the following:  SM, BM, CBM, SMS, BMS, CBMS, BQ, BQS, BA,                         or, BAS.
INFO:__main__:{'learning_rate': 0.001, 'normalize': 'soft', 'epochs': 300, 'batch_size': 6}
INFO:__main__:training MAE:5.476574897766113
INFO:__main__:training RMSE:6.778909683227539
INFO:__main__:validation MAE:17.54593276977539
INFO:__main__:validation RMSE:20.86854362487793
INFO:__main__:test MAE:8.071040153503418
INFO:__main__:test RMSE:9.303583145141602
INFO:__main__:---------------------------------
WARNING:NP.forecaster:When Global modeling with local normalization, metrics are displayed in normalized scale.
INFO:NP.df_utils:Major frequency -31D corresponds to 57.674% of the data.
WARNING:NP.df_utils:Dataframe has multiple frequencies. It will be resampled according to given freq MS. Ignore                     message if actual frequency is any of the following:  SM, BM, CBM, SMS, BMS, CBMS, BQ, BQS, BA,                         or, BAS.
INFO:NP.config:Setting normalization to global as only one dataframe provided for training.
INFO:NP.utils:Disabling weekly seasonality. Run NeuralProphet with weekly_seasonality=True to override this.
INFO:NP.utils:Disabling daily seasonality. Run NeuralProphet with daily_seasonality=True to override this.
INFO:NP.df_utils:Major frequency -31D corresponds to 50.0% of the data.
WARNING:NP.df_utils:Dataframe has multiple frequencies. It will be resampled according to given freq MS. Ignore                     message if actual frequency is any of the following:  SM, BM, CBM, SMS, BMS, CBMS, BQ, BQS, BA,                         or, BAS.
INFO:__main__:{'learning_rate': 0.001, 'normalize': 'soft', 'epochs': 300, 'batch_size': 12}
INFO:__main__:training MAE:8.714540481567383
INFO:__main__:training RMSE:11.463214874267578
INFO:__main__:validation MAE:49.56927490234375
INFO:__main__:validation RMSE:51.52754592895508
INFO:__main__:test MAE:8.526962280273438
INFO:__main__:test RMSE:9.660537719726562
INFO:__main__:---------------------------------
WARNING:NP.forecaster:When Global modeling with local normalization, metrics are displayed in normalized scale.
INFO:NP.df_utils:Major frequency -31D corresponds to 57.674% of the data.
WARNING:NP.df_utils:Dataframe has multiple frequencies. It will be resampled according to given freq MS. Ignore                     message if actual frequency is any of the following:  SM, BM, CBM, SMS, BMS, CBMS, BQ, BQS, BA,                         or, BAS.
INFO:NP.config:Setting normalization to global as only one dataframe provided for training.
INFO:NP.utils:Disabling weekly seasonality. Run NeuralProphet with weekly_seasonality=True to override this.
INFO:NP.utils:Disabling daily seasonality. Run NeuralProphet with daily_seasonality=True to override this.
INFO:NP.df_utils:Major frequency -31D corresponds to 50.0% of the data.
WARNING:NP.df_utils:Dataframe has multiple frequencies. It will be resampled according to given freq MS. Ignore                     message if actual frequency is any of the following:  SM, BM, CBM, SMS, BMS, CBMS, BQ, BQS, BA,                         or, BAS.
INFO:__main__:{'learning_rate': 0.001, 'normalize': 'standardize', 'epochs': 300, 'batch_size': 3}
INFO:__main__:training MAE:5.7792534828186035
INFO:__main__:training RMSE:6.974447250366211
INFO:__main__:validation MAE:20.261943817138672
INFO:__main__:validation RMSE:23.14937400817871
INFO:__main__:test MAE:8.016568183898926
INFO:__main__:test RMSE:8.766447067260742
INFO:__main__:---------------------------------
WARNING:NP.forecaster:When Global modeling with local normalization, metrics are displayed in normalized scale.
INFO:NP.df_utils:Major frequency -31D corresponds to 57.674% of the data.
WARNING:NP.df_utils:Dataframe has multiple frequencies. It will be resampled according to given freq MS. Ignore                     message if actual frequency is any of the following:  SM, BM, CBM, SMS, BMS, CBMS, BQ, BQS, BA,                         or, BAS.
INFO:NP.config:Setting normalization to global as only one dataframe provided for training.
INFO:NP.utils:Disabling weekly seasonality. Run NeuralProphet with weekly_seasonality=True to override this.
INFO:NP.utils:Disabling daily seasonality. Run NeuralProphet with daily_seasonality=True to override this.
INFO:NP.df_utils:Major frequency -31D corresponds to 50.0% of the data.
WARNING:NP.df_utils:Dataframe has multiple frequencies. It will be resampled according to given freq MS. Ignore                     message if actual frequency is any of the following:  SM, BM, CBM, SMS, BMS, CBMS, BQ, BQS, BA,                         or, BAS.
INFO:__main__:{'learning_rate': 0.001, 'normalize': 'standardize', 'epochs': 300, 'batch_size': 6}
INFO:__main__:training MAE:5.991849899291992
INFO:__main__:training RMSE:7.4720683097839355
INFO:__main__:validation MAE:21.18743896484375
INFO:__main__:validation RMSE:24.0316162109375
INFO:__main__:test MAE:7.850078105926514
INFO:__main__:test RMSE:8.65291690826416
INFO:__main__:---------------------------------
WARNING:NP.forecaster:When Global modeling with local normalization, metrics are displayed in normalized scale.
INFO:NP.df_utils:Major frequency -31D corresponds to 57.674% of the data.
WARNING:NP.df_utils:Dataframe has multiple frequencies. It will be resampled according to given freq MS. Ignore                     message if actual frequency is any of the following:  SM, BM, CBM, SMS, BMS, CBMS, BQ, BQS, BA,                         or, BAS.
INFO:NP.config:Setting normalization to global as only one dataframe provided for training.
INFO:NP.utils:Disabling weekly seasonality. Run NeuralProphet with weekly_seasonality=True to override this.
INFO:NP.utils:Disabling daily seasonality. Run NeuralProphet with daily_seasonality=True to override this.
INFO:NP.df_utils:Major frequency -31D corresponds to 50.0% of the data.
WARNING:NP.df_utils:Dataframe has multiple frequencies. It will be resampled according to given freq MS. Ignore                     message if actual frequency is any of the following:  SM, BM, CBM, SMS, BMS, CBMS, BQ, BQS, BA,                         or, BAS.
INFO:__main__:{'learning_rate': 0.001, 'normalize': 'standardize', 'epochs': 300, 'batch_size': 12}
INFO:__main__:training MAE:6.895394325256348
INFO:__main__:training RMSE:8.379793167114258
INFO:__main__:validation MAE:14.654032707214355
INFO:__main__:validation RMSE:17.575098037719727
INFO:__main__:test MAE:9.304425239562988
INFO:__main__:test RMSE:11.428460121154785
INFO:__main__:---------------------------------
WARNING:NP.forecaster:When Global modeling with local normalization, metrics are displayed in normalized scale.
INFO:NP.df_utils:Major frequency -31D corresponds to 57.674% of the data.
WARNING:NP.df_utils:Dataframe has multiple frequencies. It will be resampled according to given freq MS. Ignore                     message if actual frequency is any of the following:  SM, BM, CBM, SMS, BMS, CBMS, BQ, BQS, BA,                         or, BAS.
INFO:NP.config:Setting normalization to global as only one dataframe provided for training.
INFO:NP.utils:Disabling weekly seasonality. Run NeuralProphet with weekly_seasonality=True to override this.
INFO:NP.utils:Disabling daily seasonality. Run NeuralProphet with daily_seasonality=True to override this.
INFO:NP.df_utils:Major frequency -31D corresponds to 50.0% of the data.
WARNING:NP.df_utils:Dataframe has multiple frequencies. It will be resampled according to given freq MS. Ignore                     message if actual frequency is any of the following:  SM, BM, CBM, SMS, BMS, CBMS, BQ, BQS, BA,                         or, BAS.
INFO:__main__:{'learning_rate': 0.008, 'normalize': 'minmax', 'epochs': 300, 'batch_size': 3}
INFO:__main__:training MAE:5.258055686950684
INFO:__main__:training RMSE:6.068251609802246
INFO:__main__:validation MAE:13.076783180236816
INFO:__main__:validation RMSE:15.77810001373291
INFO:__main__:test MAE:8.680386543273926
INFO:__main__:test RMSE:10.418536186218262
INFO:__main__:---------------------------------
WARNING:NP.forecaster:When Global modeling with local normalization, metrics are displayed in normalized scale.
INFO:NP.df_utils:Major frequency -31D corresponds to 57.674% of the data.
WARNING:NP.df_utils:Dataframe has multiple frequencies. It will be resampled according to given freq MS. Ignore                     message if actual frequency is any of the following:  SM, BM, CBM, SMS, BMS, CBMS, BQ, BQS, BA,                         or, BAS.
INFO:NP.config:Setting normalization to global as only one dataframe provided for training.
INFO:NP.utils:Disabling weekly seasonality. Run NeuralProphet with weekly_seasonality=True to override this.
INFO:NP.utils:Disabling daily seasonality. Run NeuralProphet with daily_seasonality=True to override this.
INFO:NP.df_utils:Major frequency -31D corresponds to 50.0% of the data.
WARNING:NP.df_utils:Dataframe has multiple frequencies. It will be resampled according to given freq MS. Ignore                     message if actual frequency is any of the following:  SM, BM, CBM, SMS, BMS, CBMS, BQ, BQS, BA,                         or, BAS.
INFO:__main__:{'learning_rate': 0.008, 'normalize': 'minmax', 'epochs': 300, 'batch_size': 6}
INFO:__main__:training MAE:5.237149238586426
INFO:__main__:training RMSE:6.438013076782227
INFO:__main__:validation MAE:9.976786613464355
INFO:__main__:validation RMSE:12.194930076599121
INFO:__main__:test MAE:8.684921264648438
INFO:__main__:test RMSE:10.409953117370605
INFO:__main__:---------------------------------
WARNING:NP.forecaster:When Global modeling with local normalization, metrics are displayed in normalized scale.
INFO:NP.df_utils:Major frequency -31D corresponds to 57.674% of the data.
WARNING:NP.df_utils:Dataframe has multiple frequencies. It will be resampled according to given freq MS. Ignore                     message if actual frequency is any of the following:  SM, BM, CBM, SMS, BMS, CBMS, BQ, BQS, BA,                         or, BAS.
INFO:NP.config:Setting normalization to global as only one dataframe provided for training.
INFO:NP.utils:Disabling weekly seasonality. Run NeuralProphet with weekly_seasonality=True to override this.
INFO:NP.utils:Disabling daily seasonality. Run NeuralProphet with daily_seasonality=True to override this.
INFO:NP.df_utils:Major frequency -31D corresponds to 50.0% of the data.
WARNING:NP.df_utils:Dataframe has multiple frequencies. It will be resampled according to given freq MS. Ignore                     message if actual frequency is any of the following:  SM, BM, CBM, SMS, BMS, CBMS, BQ, BQS, BA,                         or, BAS.
INFO:__main__:{'learning_rate': 0.008, 'normalize': 'minmax', 'epochs': 300, 'batch_size': 12}
INFO:__main__:training MAE:5.384130477905273
INFO:__main__:training RMSE:6.705463409423828
INFO:__main__:validation MAE:24.663671493530273
INFO:__main__:validation RMSE:27.679855346679688
INFO:__main__:test MAE:8.523163795471191
INFO:__main__:test RMSE:10.114459991455078
INFO:__main__:---------------------------------
WARNING:NP.forecaster:When Global modeling with local normalization, metrics are displayed in normalized scale.
INFO:NP.df_utils:Major frequency -31D corresponds to 57.674% of the data.
WARNING:NP.df_utils:Dataframe has multiple frequencies. It will be resampled according to given freq MS. Ignore                     message if actual frequency is any of the following:  SM, BM, CBM, SMS, BMS, CBMS, BQ, BQS, BA,                         or, BAS.
INFO:NP.config:Setting normalization to global as only one dataframe provided for training.
INFO:NP.utils:Disabling weekly seasonality. Run NeuralProphet with weekly_seasonality=True to override this.
INFO:NP.utils:Disabling daily seasonality. Run NeuralProphet with daily_seasonality=True to override this.
INFO:NP.df_utils:Major frequency -31D corresponds to 50.0% of the data.
WARNING:NP.df_utils:Dataframe has multiple frequencies. It will be resampled according to given freq MS. Ignore                     message if actual frequency is any of the following:  SM, BM, CBM, SMS, BMS, CBMS, BQ, BQS, BA,                         or, BAS.
INFO:__main__:{'learning_rate': 0.008, 'normalize': 'soft', 'epochs': 300, 'batch_size': 3}
INFO:__main__:training MAE:5.276577472686768
INFO:__main__:training RMSE:6.086214065551758
INFO:__main__:validation MAE:13.7069730758667
INFO:__main__:validation RMSE:16.57297134399414
INFO:__main__:test MAE:8.740933418273926
INFO:__main__:test RMSE:10.53840446472168
INFO:__main__:---------------------------------
WARNING:NP.forecaster:When Global modeling with local normalization, metrics are displayed in normalized scale.
INFO:NP.df_utils:Major frequency -31D corresponds to 57.674% of the data.
WARNING:NP.df_utils:Dataframe has multiple frequencies. It will be resampled according to given freq MS. Ignore                     message if actual frequency is any of the following:  SM, BM, CBM, SMS, BMS, CBMS, BQ, BQS, BA,                         or, BAS.
INFO:NP.config:Setting normalization to global as only one dataframe provided for training.
INFO:NP.utils:Disabling weekly seasonality. Run NeuralProphet with weekly_seasonality=True to override this.
INFO:NP.utils:Disabling daily seasonality. Run NeuralProphet with daily_seasonality=True to override this.
INFO:NP.df_utils:Major frequency -31D corresponds to 50.0% of the data.
WARNING:NP.df_utils:Dataframe has multiple frequencies. It will be resampled according to given freq MS. Ignore                     message if actual frequency is any of the following:  SM, BM, CBM, SMS, BMS, CBMS, BQ, BQS, BA,                         or, BAS.
INFO:__main__:{'learning_rate': 0.008, 'normalize': 'soft', 'epochs': 300, 'batch_size': 6}
INFO:__main__:training MAE:5.234601020812988
INFO:__main__:training RMSE:6.395381927490234
INFO:__main__:validation MAE:11.360848426818848
INFO:__main__:validation RMSE:13.584906578063965
INFO:__main__:test MAE:8.708187103271484
INFO:__main__:test RMSE:10.465892791748047
INFO:__main__:---------------------------------
WARNING:NP.forecaster:When Global modeling with local normalization, metrics are displayed in normalized scale.
INFO:NP.df_utils:Major frequency -31D corresponds to 57.674% of the data.
WARNING:NP.df_utils:Dataframe has multiple frequencies. It will be resampled according to given freq MS. Ignore                     message if actual frequency is any of the following:  SM, BM, CBM, SMS, BMS, CBMS, BQ, BQS, BA,                         or, BAS.
INFO:NP.config:Setting normalization to global as only one dataframe provided for training.
INFO:NP.utils:Disabling weekly seasonality. Run NeuralProphet with weekly_seasonality=True to override this.
INFO:NP.utils:Disabling daily seasonality. Run NeuralProphet with daily_seasonality=True to override this.
INFO:NP.df_utils:Major frequency -31D corresponds to 50.0% of the data.
WARNING:NP.df_utils:Dataframe has multiple frequencies. It will be resampled according to given freq MS. Ignore                     message if actual frequency is any of the following:  SM, BM, CBM, SMS, BMS, CBMS, BQ, BQS, BA,                         or, BAS.
INFO:__main__:{'learning_rate': 0.008, 'normalize': 'soft', 'epochs': 300, 'batch_size': 12}
INFO:__main__:training MAE:5.28865909576416
INFO:__main__:training RMSE:6.657391548156738
INFO:__main__:validation MAE:12.06542682647705
INFO:__main__:validation RMSE:15.023028373718262
INFO:__main__:test MAE:8.617636680603027
INFO:__main__:test RMSE:10.270322799682617
INFO:__main__:---------------------------------
WARNING:NP.forecaster:When Global modeling with local normalization, metrics are displayed in normalized scale.
INFO:NP.df_utils:Major frequency -31D corresponds to 57.674% of the data.
WARNING:NP.df_utils:Dataframe has multiple frequencies. It will be resampled according to given freq MS. Ignore                     message if actual frequency is any of the following:  SM, BM, CBM, SMS, BMS, CBMS, BQ, BQS, BA,                         or, BAS.
INFO:NP.config:Setting normalization to global as only one dataframe provided for training.
INFO:NP.utils:Disabling weekly seasonality. Run NeuralProphet with weekly_seasonality=True to override this.
INFO:NP.utils:Disabling daily seasonality. Run NeuralProphet with daily_seasonality=True to override this.
INFO:NP.df_utils:Major frequency -31D corresponds to 50.0% of the data.
WARNING:NP.df_utils:Dataframe has multiple frequencies. It will be resampled according to given freq MS. Ignore                     message if actual frequency is any of the following:  SM, BM, CBM, SMS, BMS, CBMS, BQ, BQS, BA,                         or, BAS.
INFO:__main__:{'learning_rate': 0.008, 'normalize': 'standardize', 'epochs': 300, 'batch_size': 3}
INFO:__main__:training MAE:5.198198318481445
INFO:__main__:training RMSE:6.091183662414551
INFO:__main__:validation MAE:15.254902839660645
INFO:__main__:validation RMSE:18.335432052612305
INFO:__main__:test MAE:8.843019485473633
INFO:__main__:test RMSE:10.585441589355469
INFO:__main__:---------------------------------
WARNING:NP.forecaster:When Global modeling with local normalization, metrics are displayed in normalized scale.
INFO:NP.df_utils:Major frequency -31D corresponds to 57.674% of the data.
WARNING:NP.df_utils:Dataframe has multiple frequencies. It will be resampled according to given freq MS. Ignore                     message if actual frequency is any of the following:  SM, BM, CBM, SMS, BMS, CBMS, BQ, BQS, BA,                         or, BAS.
INFO:NP.config:Setting normalization to global as only one dataframe provided for training.
INFO:NP.utils:Disabling weekly seasonality. Run NeuralProphet with weekly_seasonality=True to override this.
INFO:NP.utils:Disabling daily seasonality. Run NeuralProphet with daily_seasonality=True to override this.
INFO:NP.df_utils:Major frequency -31D corresponds to 50.0% of the data.
WARNING:NP.df_utils:Dataframe has multiple frequencies. It will be resampled according to given freq MS. Ignore                     message if actual frequency is any of the following:  SM, BM, CBM, SMS, BMS, CBMS, BQ, BQS, BA,                         or, BAS.
INFO:__main__:{'learning_rate': 0.008, 'normalize': 'standardize', 'epochs': 300, 'batch_size': 6}
INFO:__main__:training MAE:5.256093978881836
INFO:__main__:training RMSE:6.703510284423828
INFO:__main__:validation MAE:15.70159912109375
INFO:__main__:validation RMSE:18.98058319091797
INFO:__main__:test MAE:8.752535820007324
INFO:__main__:test RMSE:10.404293060302734
INFO:__main__:---------------------------------
WARNING:NP.forecaster:When Global modeling with local normalization, metrics are displayed in normalized scale.
INFO:NP.df_utils:Major frequency -31D corresponds to 57.674% of the data.
WARNING:NP.df_utils:Dataframe has multiple frequencies. It will be resampled according to given freq MS. Ignore                     message if actual frequency is any of the following:  SM, BM, CBM, SMS, BMS, CBMS, BQ, BQS, BA,                         or, BAS.
INFO:NP.config:Setting normalization to global as only one dataframe provided for training.
INFO:NP.utils:Disabling weekly seasonality. Run NeuralProphet with weekly_seasonality=True to override this.
INFO:NP.utils:Disabling daily seasonality. Run NeuralProphet with daily_seasonality=True to override this.
INFO:NP.df_utils:Major frequency -31D corresponds to 50.0% of the data.
WARNING:NP.df_utils:Dataframe has multiple frequencies. It will be resampled according to given freq MS. Ignore                     message if actual frequency is any of the following:  SM, BM, CBM, SMS, BMS, CBMS, BQ, BQS, BA,                         or, BAS.
INFO:__main__:{'learning_rate': 0.008, 'normalize': 'standardize', 'epochs': 300, 'batch_size': 12}
INFO:__main__:training MAE:5.300182819366455
INFO:__main__:training RMSE:6.898533344268799
INFO:__main__:validation MAE:16.11454200744629
INFO:__main__:validation RMSE:19.46175765991211
INFO:__main__:test MAE:8.67707633972168
INFO:__main__:test RMSE:10.242016792297363
INFO:__main__:---------------------------------
WARNING:NP.forecaster:When Global modeling with local normalization, metrics are displayed in normalized scale.
INFO:NP.df_utils:Major frequency -31D corresponds to 57.674% of the data.
WARNING:NP.df_utils:Dataframe has multiple frequencies. It will be resampled according to given freq MS. Ignore                     message if actual frequency is any of the following:  SM, BM, CBM, SMS, BMS, CBMS, BQ, BQS, BA,                         or, BAS.
INFO:NP.config:Setting normalization to global as only one dataframe provided for training.
INFO:NP.utils:Disabling weekly seasonality. Run NeuralProphet with weekly_seasonality=True to override this.
INFO:NP.utils:Disabling daily seasonality. Run NeuralProphet with daily_seasonality=True to override this.
INFO:NP.df_utils:Major frequency -31D corresponds to 50.0% of the data.
WARNING:NP.df_utils:Dataframe has multiple frequencies. It will be resampled according to given freq MS. Ignore                     message if actual frequency is any of the following:  SM, BM, CBM, SMS, BMS, CBMS, BQ, BQS, BA,                         or, BAS.
INFO:__main__:{'learning_rate': 0.01, 'normalize': 'minmax', 'epochs': 300, 'batch_size': 3}
INFO:__main__:training MAE:5.266198635101318
INFO:__main__:training RMSE:6.048855781555176
INFO:__main__:validation MAE:14.173672676086426
INFO:__main__:validation RMSE:17.228464126586914
INFO:__main__:test MAE:8.745406150817871
INFO:__main__:test RMSE:10.502923965454102
INFO:__main__:---------------------------------
WARNING:NP.forecaster:When Global modeling with local normalization, metrics are displayed in normalized scale.
INFO:NP.df_utils:Major frequency -31D corresponds to 57.674% of the data.
WARNING:NP.df_utils:Dataframe has multiple frequencies. It will be resampled according to given freq MS. Ignore                     message if actual frequency is any of the following:  SM, BM, CBM, SMS, BMS, CBMS, BQ, BQS, BA,                         or, BAS.
INFO:NP.config:Setting normalization to global as only one dataframe provided for training.
INFO:NP.utils:Disabling weekly seasonality. Run NeuralProphet with weekly_seasonality=True to override this.
INFO:NP.utils:Disabling daily seasonality. Run NeuralProphet with daily_seasonality=True to override this.
INFO:NP.df_utils:Major frequency -31D corresponds to 50.0% of the data.
WARNING:NP.df_utils:Dataframe has multiple frequencies. It will be resampled according to given freq MS. Ignore                     message if actual frequency is any of the following:  SM, BM, CBM, SMS, BMS, CBMS, BQ, BQS, BA,                         or, BAS.
INFO:__main__:{'learning_rate': 0.01, 'normalize': 'minmax', 'epochs': 300, 'batch_size': 6}
INFO:__main__:training MAE:5.243547439575195
INFO:__main__:training RMSE:6.390171051025391
INFO:__main__:validation MAE:12.566142082214355
INFO:__main__:validation RMSE:15.111685752868652
INFO:__main__:test MAE:8.672465324401855
INFO:__main__:test RMSE:10.41816520690918
INFO:__main__:---------------------------------
WARNING:NP.forecaster:When Global modeling with local normalization, metrics are displayed in normalized scale.
INFO:NP.df_utils:Major frequency -31D corresponds to 57.674% of the data.
WARNING:NP.df_utils:Dataframe has multiple frequencies. It will be resampled according to given freq MS. Ignore                     message if actual frequency is any of the following:  SM, BM, CBM, SMS, BMS, CBMS, BQ, BQS, BA,                         or, BAS.
INFO:NP.config:Setting normalization to global as only one dataframe provided for training.
INFO:NP.utils:Disabling weekly seasonality. Run NeuralProphet with weekly_seasonality=True to override this.
INFO:NP.utils:Disabling daily seasonality. Run NeuralProphet with daily_seasonality=True to override this.
INFO:NP.df_utils:Major frequency -31D corresponds to 50.0% of the data.
WARNING:NP.df_utils:Dataframe has multiple frequencies. It will be resampled according to given freq MS. Ignore                     message if actual frequency is any of the following:  SM, BM, CBM, SMS, BMS, CBMS, BQ, BQS, BA,                         or, BAS.
INFO:__main__:{'learning_rate': 0.01, 'normalize': 'minmax', 'epochs': 300, 'batch_size': 12}
INFO:__main__:training MAE:5.797769546508789
INFO:__main__:training RMSE:7.358113765716553
INFO:__main__:validation MAE:41.503665924072266
INFO:__main__:validation RMSE:44.6483154296875
INFO:__main__:test MAE:8.5949125289917
INFO:__main__:test RMSE:10.268806457519531
INFO:__main__:---------------------------------
WARNING:NP.forecaster:When Global modeling with local normalization, metrics are displayed in normalized scale.
INFO:NP.df_utils:Major frequency -31D corresponds to 57.674% of the data.
WARNING:NP.df_utils:Dataframe has multiple frequencies. It will be resampled according to given freq MS. Ignore                     message if actual frequency is any of the following:  SM, BM, CBM, SMS, BMS, CBMS, BQ, BQS, BA,                         or, BAS.
INFO:NP.config:Setting normalization to global as only one dataframe provided for training.
INFO:NP.utils:Disabling weekly seasonality. Run NeuralProphet with weekly_seasonality=True to override this.
INFO:NP.utils:Disabling daily seasonality. Run NeuralProphet with daily_seasonality=True to override this.
INFO:NP.df_utils:Major frequency -31D corresponds to 50.0% of the data.
WARNING:NP.df_utils:Dataframe has multiple frequencies. It will be resampled according to given freq MS. Ignore                     message if actual frequency is any of the following:  SM, BM, CBM, SMS, BMS, CBMS, BQ, BQS, BA,                         or, BAS.
INFO:__main__:{'learning_rate': 0.01, 'normalize': 'soft', 'epochs': 300, 'batch_size': 3}
INFO:__main__:training MAE:5.241656303405762
INFO:__main__:training RMSE:6.143595218658447
INFO:__main__:validation MAE:11.538989067077637
INFO:__main__:validation RMSE:13.783947944641113
INFO:__main__:test MAE:8.801093101501465
INFO:__main__:test RMSE:10.625856399536133
INFO:__main__:---------------------------------
WARNING:NP.forecaster:When Global modeling with local normalization, metrics are displayed in normalized scale.
INFO:NP.df_utils:Major frequency -31D corresponds to 57.674% of the data.
WARNING:NP.df_utils:Dataframe has multiple frequencies. It will be resampled according to given freq MS. Ignore                     message if actual frequency is any of the following:  SM, BM, CBM, SMS, BMS, CBMS, BQ, BQS, BA,                         or, BAS.
INFO:NP.config:Setting normalization to global as only one dataframe provided for training.
INFO:NP.utils:Disabling weekly seasonality. Run NeuralProphet with weekly_seasonality=True to override this.
INFO:NP.utils:Disabling daily seasonality. Run NeuralProphet with daily_seasonality=True to override this.
INFO:NP.df_utils:Major frequency -31D corresponds to 50.0% of the data.
WARNING:NP.df_utils:Dataframe has multiple frequencies. It will be resampled according to given freq MS. Ignore                     message if actual frequency is any of the following:  SM, BM, CBM, SMS, BMS, CBMS, BQ, BQS, BA,                         or, BAS.
INFO:__main__:{'learning_rate': 0.01, 'normalize': 'soft', 'epochs': 300, 'batch_size': 6}
INFO:__main__:training MAE:5.300730228424072
INFO:__main__:training RMSE:6.436542510986328
INFO:__main__:validation MAE:18.287105560302734
INFO:__main__:validation RMSE:21.50587272644043
INFO:__main__:test MAE:8.787842750549316
INFO:__main__:test RMSE:10.598660469055176
INFO:__main__:---------------------------------
WARNING:NP.forecaster:When Global modeling with local normalization, metrics are displayed in normalized scale.
INFO:NP.df_utils:Major frequency -31D corresponds to 57.674% of the data.
WARNING:NP.df_utils:Dataframe has multiple frequencies. It will be resampled according to given freq MS. Ignore                     message if actual frequency is any of the following:  SM, BM, CBM, SMS, BMS, CBMS, BQ, BQS, BA,                         or, BAS.
INFO:NP.config:Setting normalization to global as only one dataframe provided for training.
INFO:NP.utils:Disabling weekly seasonality. Run NeuralProphet with weekly_seasonality=True to override this.
INFO:NP.utils:Disabling daily seasonality. Run NeuralProphet with daily_seasonality=True to override this.
INFO:NP.df_utils:Major frequency -31D corresponds to 50.0% of the data.
WARNING:NP.df_utils:Dataframe has multiple frequencies. It will be resampled according to given freq MS. Ignore                     message if actual frequency is any of the following:  SM, BM, CBM, SMS, BMS, CBMS, BQ, BQS, BA,                         or, BAS.
INFO:__main__:{'learning_rate': 0.01, 'normalize': 'soft', 'epochs': 300, 'batch_size': 12}
INFO:__main__:training MAE:5.31681489944458
INFO:__main__:training RMSE:6.622516632080078
INFO:__main__:validation MAE:18.844600677490234
INFO:__main__:validation RMSE:22.25318717956543
INFO:__main__:test MAE:8.669913291931152
INFO:__main__:test RMSE:10.37447452545166
INFO:__main__:---------------------------------
WARNING:NP.forecaster:When Global modeling with local normalization, metrics are displayed in normalized scale.
INFO:NP.df_utils:Major frequency -31D corresponds to 57.674% of the data.
WARNING:NP.df_utils:Dataframe has multiple frequencies. It will be resampled according to given freq MS. Ignore                     message if actual frequency is any of the following:  SM, BM, CBM, SMS, BMS, CBMS, BQ, BQS, BA,                         or, BAS.
INFO:NP.config:Setting normalization to global as only one dataframe provided for training.
INFO:NP.utils:Disabling weekly seasonality. Run NeuralProphet with weekly_seasonality=True to override this.
INFO:NP.utils:Disabling daily seasonality. Run NeuralProphet with daily_seasonality=True to override this.
INFO:NP.df_utils:Major frequency -31D corresponds to 50.0% of the data.
WARNING:NP.df_utils:Dataframe has multiple frequencies. It will be resampled according to given freq MS. Ignore                     message if actual frequency is any of the following:  SM, BM, CBM, SMS, BMS, CBMS, BQ, BQS, BA,                         or, BAS.
INFO:__main__:{'learning_rate': 0.01, 'normalize': 'standardize', 'epochs': 300, 'batch_size': 3}
INFO:__main__:training MAE:5.182681083679199
INFO:__main__:training RMSE:6.1625847816467285
INFO:__main__:validation MAE:14.226649284362793
INFO:__main__:validation RMSE:17.21548843383789
INFO:__main__:test MAE:8.845600128173828
INFO:__main__:test RMSE:10.586371421813965
INFO:__main__:---------------------------------
WARNING:NP.forecaster:When Global modeling with local normalization, metrics are displayed in normalized scale.
INFO:NP.df_utils:Major frequency -31D corresponds to 57.674% of the data.
WARNING:NP.df_utils:Dataframe has multiple frequencies. It will be resampled according to given freq MS. Ignore                     message if actual frequency is any of the following:  SM, BM, CBM, SMS, BMS, CBMS, BQ, BQS, BA,                         or, BAS.
INFO:NP.config:Setting normalization to global as only one dataframe provided for training.
INFO:NP.utils:Disabling weekly seasonality. Run NeuralProphet with weekly_seasonality=True to override this.
INFO:NP.utils:Disabling daily seasonality. Run NeuralProphet with daily_seasonality=True to override this.
INFO:NP.df_utils:Major frequency -31D corresponds to 50.0% of the data.
WARNING:NP.df_utils:Dataframe has multiple frequencies. It will be resampled according to given freq MS. Ignore                     message if actual frequency is any of the following:  SM, BM, CBM, SMS, BMS, CBMS, BQ, BQS, BA,                         or, BAS.
INFO:__main__:{'learning_rate': 0.01, 'normalize': 'standardize', 'epochs': 300, 'batch_size': 6}
INFO:__main__:training MAE:5.205337047576904
INFO:__main__:training RMSE:6.482698917388916
INFO:__main__:validation MAE:14.486710548400879
INFO:__main__:validation RMSE:17.463069915771484
INFO:__main__:test MAE:8.791266441345215
INFO:__main__:test RMSE:10.479172706604004
INFO:__main__:---------------------------------
WARNING:NP.forecaster:When Global modeling with local normalization, metrics are displayed in normalized scale.
INFO:NP.df_utils:Major frequency -31D corresponds to 57.674% of the data.
WARNING:NP.df_utils:Dataframe has multiple frequencies. It will be resampled according to given freq MS. Ignore                     message if actual frequency is any of the following:  SM, BM, CBM, SMS, BMS, CBMS, BQ, BQS, BA,                         or, BAS.
INFO:NP.config:Setting normalization to global as only one dataframe provided for training.
INFO:NP.utils:Disabling weekly seasonality. Run NeuralProphet with weekly_seasonality=True to override this.
INFO:NP.utils:Disabling daily seasonality. Run NeuralProphet with daily_seasonality=True to override this.
INFO:NP.df_utils:Major frequency -31D corresponds to 50.0% of the data.
WARNING:NP.df_utils:Dataframe has multiple frequencies. It will be resampled according to given freq MS. Ignore                     message if actual frequency is any of the following:  SM, BM, CBM, SMS, BMS, CBMS, BQ, BQS, BA,                         or, BAS.
INFO:__main__:{'learning_rate': 0.01, 'normalize': 'standardize', 'epochs': 300, 'batch_size': 12}
INFO:__main__:training MAE:5.236726760864258
INFO:__main__:training RMSE:6.804748058319092
INFO:__main__:validation MAE:16.363048553466797
INFO:__main__:validation RMSE:19.6984806060791
INFO:__main__:test MAE:8.687946319580078
INFO:__main__:test RMSE:10.317723274230957
INFO:__main__:---------------------------------
WARNING:NP.forecaster:When Global modeling with local normalization, metrics are displayed in normalized scale.
INFO:NP.df_utils:Major frequency -31D corresponds to 57.674% of the data.
WARNING:NP.df_utils:Dataframe has multiple frequencies. It will be resampled according to given freq MS. Ignore                     message if actual frequency is any of the following:  SM, BM, CBM, SMS, BMS, CBMS, BQ, BQS, BA,                         or, BAS.
INFO:NP.config:Setting normalization to global as only one dataframe provided for training.
INFO:NP.utils:Disabling weekly seasonality. Run NeuralProphet with weekly_seasonality=True to override this.
INFO:NP.utils:Disabling daily seasonality. Run NeuralProphet with daily_seasonality=True to override this.
INFO:NP.df_utils:Major frequency -31D corresponds to 50.0% of the data.
WARNING:NP.df_utils:Dataframe has multiple frequencies. It will be resampled according to given freq MS. Ignore                     message if actual frequency is any of the following:  SM, BM, CBM, SMS, BMS, CBMS, BQ, BQS, BA,                         or, BAS.
INFO:__main__:{'learning_rate': 0.1, 'normalize': 'minmax', 'epochs': 300, 'batch_size': 3}
INFO:__main__:training MAE:5.308451175689697
INFO:__main__:training RMSE:6.224692344665527
INFO:__main__:validation MAE:10.113166809082031
INFO:__main__:validation RMSE:12.344714164733887
INFO:__main__:test MAE:8.714381217956543
INFO:__main__:test RMSE:10.492056846618652
INFO:__main__:---------------------------------
WARNING:NP.forecaster:When Global modeling with local normalization, metrics are displayed in normalized scale.
INFO:NP.df_utils:Major frequency -31D corresponds to 57.674% of the data.
WARNING:NP.df_utils:Dataframe has multiple frequencies. It will be resampled according to given freq MS. Ignore                     message if actual frequency is any of the following:  SM, BM, CBM, SMS, BMS, CBMS, BQ, BQS, BA,                         or, BAS.
INFO:NP.config:Setting normalization to global as only one dataframe provided for training.
INFO:NP.utils:Disabling weekly seasonality. Run NeuralProphet with weekly_seasonality=True to override this.
INFO:NP.utils:Disabling daily seasonality. Run NeuralProphet with daily_seasonality=True to override this.
INFO:NP.df_utils:Major frequency -31D corresponds to 50.0% of the data.
WARNING:NP.df_utils:Dataframe has multiple frequencies. It will be resampled according to given freq MS. Ignore                     message if actual frequency is any of the following:  SM, BM, CBM, SMS, BMS, CBMS, BQ, BQS, BA,                         or, BAS.
INFO:__main__:{'learning_rate': 0.1, 'normalize': 'minmax', 'epochs': 300, 'batch_size': 6}
INFO:__main__:training MAE:5.280202865600586
INFO:__main__:training RMSE:6.341862201690674
INFO:__main__:validation MAE:11.478927612304688
INFO:__main__:validation RMSE:15.625554084777832
INFO:__main__:test MAE:8.743561744689941
INFO:__main__:test RMSE:10.437162399291992
INFO:__main__:---------------------------------
WARNING:NP.forecaster:When Global modeling with local normalization, metrics are displayed in normalized scale.
INFO:NP.df_utils:Major frequency -31D corresponds to 57.674% of the data.
WARNING:NP.df_utils:Dataframe has multiple frequencies. It will be resampled according to given freq MS. Ignore                     message if actual frequency is any of the following:  SM, BM, CBM, SMS, BMS, CBMS, BQ, BQS, BA,                         or, BAS.
INFO:NP.config:Setting normalization to global as only one dataframe provided for training.
INFO:NP.utils:Disabling weekly seasonality. Run NeuralProphet with weekly_seasonality=True to override this.
INFO:NP.utils:Disabling daily seasonality. Run NeuralProphet with daily_seasonality=True to override this.
INFO:NP.df_utils:Major frequency -31D corresponds to 50.0% of the data.
WARNING:NP.df_utils:Dataframe has multiple frequencies. It will be resampled according to given freq MS. Ignore                     message if actual frequency is any of the following:  SM, BM, CBM, SMS, BMS, CBMS, BQ, BQS, BA,                         or, BAS.
INFO:__main__:{'learning_rate': 0.1, 'normalize': 'minmax', 'epochs': 300, 'batch_size': 12}
INFO:__main__:training MAE:5.197360992431641
INFO:__main__:training RMSE:6.508919715881348
INFO:__main__:validation MAE:10.045614242553711
INFO:__main__:validation RMSE:12.284283638000488
INFO:__main__:test MAE:8.620357513427734
INFO:__main__:test RMSE:10.450660705566406
INFO:__main__:---------------------------------
WARNING:NP.forecaster:When Global modeling with local normalization, metrics are displayed in normalized scale.
INFO:NP.df_utils:Major frequency -31D corresponds to 57.674% of the data.
WARNING:NP.df_utils:Dataframe has multiple frequencies. It will be resampled according to given freq MS. Ignore                     message if actual frequency is any of the following:  SM, BM, CBM, SMS, BMS, CBMS, BQ, BQS, BA,                         or, BAS.
INFO:NP.config:Setting normalization to global as only one dataframe provided for training.
INFO:NP.utils:Disabling weekly seasonality. Run NeuralProphet with weekly_seasonality=True to override this.
INFO:NP.utils:Disabling daily seasonality. Run NeuralProphet with daily_seasonality=True to override this.
INFO:NP.df_utils:Major frequency -31D corresponds to 50.0% of the data.
WARNING:NP.df_utils:Dataframe has multiple frequencies. It will be resampled according to given freq MS. Ignore                     message if actual frequency is any of the following:  SM, BM, CBM, SMS, BMS, CBMS, BQ, BQS, BA,                         or, BAS.
INFO:__main__:{'learning_rate': 0.1, 'normalize': 'soft', 'epochs': 300, 'batch_size': 3}
INFO:__main__:training MAE:5.24044132232666
INFO:__main__:training RMSE:6.107052326202393
INFO:__main__:validation MAE:10.367385864257812
INFO:__main__:validation RMSE:12.587908744812012
INFO:__main__:test MAE:8.643415451049805
INFO:__main__:test RMSE:10.434906005859375
INFO:__main__:---------------------------------
WARNING:NP.forecaster:When Global modeling with local normalization, metrics are displayed in normalized scale.
INFO:NP.df_utils:Major frequency -31D corresponds to 57.674% of the data.
WARNING:NP.df_utils:Dataframe has multiple frequencies. It will be resampled according to given freq MS. Ignore                     message if actual frequency is any of the following:  SM, BM, CBM, SMS, BMS, CBMS, BQ, BQS, BA,                         or, BAS.
INFO:NP.config:Setting normalization to global as only one dataframe provided for training.
INFO:NP.utils:Disabling weekly seasonality. Run NeuralProphet with weekly_seasonality=True to override this.
INFO:NP.utils:Disabling daily seasonality. Run NeuralProphet with daily_seasonality=True to override this.
INFO:NP.df_utils:Major frequency -31D corresponds to 50.0% of the data.
WARNING:NP.df_utils:Dataframe has multiple frequencies. It will be resampled according to given freq MS. Ignore                     message if actual frequency is any of the following:  SM, BM, CBM, SMS, BMS, CBMS, BQ, BQS, BA,                         or, BAS.
INFO:__main__:{'learning_rate': 0.1, 'normalize': 'soft', 'epochs': 300, 'batch_size': 6}
INFO:__main__:training MAE:5.226558208465576
INFO:__main__:training RMSE:6.40232515335083
INFO:__main__:validation MAE:10.421137809753418
INFO:__main__:validation RMSE:12.637974739074707
INFO:__main__:test MAE:8.633285522460938
INFO:__main__:test RMSE:10.458667755126953
INFO:__main__:---------------------------------
WARNING:NP.forecaster:When Global modeling with local normalization, metrics are displayed in normalized scale.
INFO:NP.df_utils:Major frequency -31D corresponds to 57.674% of the data.
WARNING:NP.df_utils:Dataframe has multiple frequencies. It will be resampled according to given freq MS. Ignore                     message if actual frequency is any of the following:  SM, BM, CBM, SMS, BMS, CBMS, BQ, BQS, BA,                         or, BAS.
INFO:NP.config:Setting normalization to global as only one dataframe provided for training.
INFO:NP.utils:Disabling weekly seasonality. Run NeuralProphet with weekly_seasonality=True to override this.
INFO:NP.utils:Disabling daily seasonality. Run NeuralProphet with daily_seasonality=True to override this.
INFO:NP.df_utils:Major frequency -31D corresponds to 50.0% of the data.
WARNING:NP.df_utils:Dataframe has multiple frequencies. It will be resampled according to given freq MS. Ignore                     message if actual frequency is any of the following:  SM, BM, CBM, SMS, BMS, CBMS, BQ, BQS, BA,                         or, BAS.
INFO:__main__:{'learning_rate': 0.1, 'normalize': 'soft', 'epochs': 300, 'batch_size': 12}
INFO:__main__:training MAE:5.204060077667236
INFO:__main__:training RMSE:6.592065811157227
INFO:__main__:validation MAE:10.436148643493652
INFO:__main__:validation RMSE:12.638900756835938
INFO:__main__:test MAE:8.773773193359375
INFO:__main__:test RMSE:10.667693138122559
INFO:__main__:---------------------------------
WARNING:NP.forecaster:When Global modeling with local normalization, metrics are displayed in normalized scale.
INFO:NP.df_utils:Major frequency -31D corresponds to 57.674% of the data.
WARNING:NP.df_utils:Dataframe has multiple frequencies. It will be resampled according to given freq MS. Ignore                     message if actual frequency is any of the following:  SM, BM, CBM, SMS, BMS, CBMS, BQ, BQS, BA,                         or, BAS.
INFO:NP.config:Setting normalization to global as only one dataframe provided for training.
INFO:NP.utils:Disabling weekly seasonality. Run NeuralProphet with weekly_seasonality=True to override this.
INFO:NP.utils:Disabling daily seasonality. Run NeuralProphet with daily_seasonality=True to override this.
INFO:NP.df_utils:Major frequency -31D corresponds to 50.0% of the data.
WARNING:NP.df_utils:Dataframe has multiple frequencies. It will be resampled according to given freq MS. Ignore                     message if actual frequency is any of the following:  SM, BM, CBM, SMS, BMS, CBMS, BQ, BQS, BA,                         or, BAS.
INFO:__main__:{'learning_rate': 0.1, 'normalize': 'standardize', 'epochs': 300, 'batch_size': 3}
INFO:__main__:training MAE:5.152128219604492
INFO:__main__:training RMSE:6.229459762573242
INFO:__main__:validation MAE:12.15014362335205
INFO:__main__:validation RMSE:14.56579875946045
INFO:__main__:test MAE:8.988160133361816
INFO:__main__:test RMSE:11.014107704162598
INFO:__main__:---------------------------------
WARNING:NP.forecaster:When Global modeling with local normalization, metrics are displayed in normalized scale.
INFO:NP.df_utils:Major frequency -31D corresponds to 57.674% of the data.
WARNING:NP.df_utils:Dataframe has multiple frequencies. It will be resampled according to given freq MS. Ignore                     message if actual frequency is any of the following:  SM, BM, CBM, SMS, BMS, CBMS, BQ, BQS, BA,                         or, BAS.
INFO:NP.config:Setting normalization to global as only one dataframe provided for training.
INFO:NP.utils:Disabling weekly seasonality. Run NeuralProphet with weekly_seasonality=True to override this.
INFO:NP.utils:Disabling daily seasonality. Run NeuralProphet with daily_seasonality=True to override this.
INFO:NP.df_utils:Major frequency -31D corresponds to 50.0% of the data.
WARNING:NP.df_utils:Dataframe has multiple frequencies. It will be resampled according to given freq MS. Ignore                     message if actual frequency is any of the following:  SM, BM, CBM, SMS, BMS, CBMS, BQ, BQS, BA,                         or, BAS.
INFO:__main__:{'learning_rate': 0.1, 'normalize': 'standardize', 'epochs': 300, 'batch_size': 6}
INFO:__main__:training MAE:5.1183390617370605
INFO:__main__:training RMSE:6.42366361618042
INFO:__main__:validation MAE:11.69775104522705
INFO:__main__:validation RMSE:14.030806541442871
INFO:__main__:test MAE:9.054988861083984
INFO:__main__:test RMSE:11.058380126953125
INFO:__main__:---------------------------------
WARNING:NP.forecaster:When Global modeling with local normalization, metrics are displayed in normalized scale.
INFO:NP.df_utils:Major frequency -31D corresponds to 57.674% of the data.
WARNING:NP.df_utils:Dataframe has multiple frequencies. It will be resampled according to given freq MS. Ignore                     message if actual frequency is any of the following:  SM, BM, CBM, SMS, BMS, CBMS, BQ, BQS, BA,                         or, BAS.
INFO:NP.config:Setting normalization to global as only one dataframe provided for training.
INFO:NP.utils:Disabling weekly seasonality. Run NeuralProphet with weekly_seasonality=True to override this.
INFO:NP.utils:Disabling daily seasonality. Run NeuralProphet with daily_seasonality=True to override this.
INFO:NP.df_utils:Major frequency -31D corresponds to 50.0% of the data.
WARNING:NP.df_utils:Dataframe has multiple frequencies. It will be resampled according to given freq MS. Ignore                     message if actual frequency is any of the following:  SM, BM, CBM, SMS, BMS, CBMS, BQ, BQS, BA,                         or, BAS.
INFO:__main__:{'learning_rate': 0.1, 'normalize': 'standardize', 'epochs': 300, 'batch_size': 12}
INFO:__main__:training MAE:5.12841272354126
INFO:__main__:training RMSE:6.680987358093262
INFO:__main__:validation MAE:12.244221687316895
INFO:__main__:validation RMSE:14.673983573913574
INFO:__main__:test MAE:9.039764404296875
INFO:__main__:test RMSE:11.053797721862793
INFO:__main__:---------------------------------
INFO:__main__:    learning_rate    normalize  epochs  batch_size  MAE_train  RMSE_train  \
0           0.001  standardize     300           6   5.991850    7.472068   
1           0.001       minmax     300           6   7.929105    9.964113   
2           0.001  standardize     300           3   5.779253    6.974447   
3           0.001       minmax     300           3   7.140061    8.281705   
4           0.001         soft     300           6   5.476575    6.778910   
5           0.001       minmax     300          12   9.394997   12.129997   
6           0.001         soft     300          12   8.714540   11.463215   
7           0.001         soft     300           3   5.336932    6.220021   
8           0.008       minmax     300          12   5.384130    6.705463   
9           0.008  standardize     300          12   5.300183    6.898533   
10          0.010       minmax     300          12   5.797770    7.358114   
11          0.008         soft     300          12   5.288659    6.657392   
12          0.010  standardize     300          12   5.236727    6.804748   
13          0.010         soft     300          12   5.316815    6.622517   
14          0.008  standardize     300           6   5.256094    6.703510   
15          0.008       minmax     300           6   5.237149    6.438013   
16          0.010       minmax     300           6   5.243547    6.390171   
17          0.008       minmax     300           3   5.258056    6.068252   
18          0.100         soft     300           3   5.240441    6.107052   
19          0.100       minmax     300           6   5.280203    6.341862   
20          0.100       minmax     300          12   5.197361    6.508920   
21          0.100         soft     300           6   5.226558    6.402325   
22          0.008         soft     300           6   5.234601    6.395382   
23          0.010  standardize     300           6   5.205337    6.482699   
24          0.100       minmax     300           3   5.308451    6.224692   
25          0.010       minmax     300           3   5.266199    6.048856   
26          0.008         soft     300           3   5.276577    6.086214   
27          0.008  standardize     300           3   5.198198    6.091184   
28          0.010  standardize     300           3   5.182681    6.162585   
29          0.010         soft     300           6   5.300730    6.436543   
30          0.010         soft     300           3   5.241656    6.143595   
31          0.100         soft     300          12   5.204060    6.592066   
32          0.100  standardize     300           3   5.152128    6.229460   
33          0.100  standardize     300          12   5.128413    6.680987   
34          0.100  standardize     300           6   5.118339    6.423664   
35          0.001  standardize     300          12   6.895394    8.379793   

      MAE_val   RMSE_val  MAE_test  RMSE_test  
0   21.187439  24.031616  7.850078   8.652917  
1   53.349483  55.588840  7.813564   8.738506  
2   20.261944  23.149374  8.016568   8.766447  
3   54.482212  57.169834  7.935983   8.925175  
4   17.545933  20.868544  8.071040   9.303583  
5   41.842136  43.576061  8.431775   9.474828  
6   49.569275  51.527546  8.526962   9.660538  
7   13.489726  16.234230  8.398089   9.890444  
8   24.663671  27.679855  8.523164  10.114460  
9   16.114542  19.461758  8.677076  10.242017  
10  41.503666  44.648315  8.594913  10.268806  
11  12.065427  15.023028  8.617637  10.270323  
12  16.363049  19.698481  8.687946  10.317723  
13  18.844601  22.253187  8.669913  10.374475  
14  15.701599  18.980583  8.752536  10.404293  
15   9.976787  12.194930  8.684921  10.409953  
16  12.566142  15.111686  8.672465  10.418165  
17  13.076783  15.778100  8.680387  10.418536  
18  10.367386  12.587909  8.643415  10.434906  
19  11.478928  15.625554  8.743562  10.437162  
20  10.045614  12.284284  8.620358  10.450661  
21  10.421138  12.637975  8.633286  10.458668  
22  11.360848  13.584907  8.708187  10.465893  
23  14.486711  17.463070  8.791266  10.479173  
24  10.113167  12.344714  8.714381  10.492057  
25  14.173673  17.228464  8.745406  10.502924  
26  13.706973  16.572971  8.740933  10.538404  
27  15.254903  18.335432  8.843019  10.585442  
28  14.226649  17.215488  8.845600  10.586371  
29  18.287106  21.505873  8.787843  10.598660  
30  11.538989  13.783948  8.801093  10.625856  
31  10.436149  12.638901  8.773773  10.667693  
32  12.150144  14.565799  8.988160  11.014108  
33  12.244222  14.673984  9.039764  11.053798  
34  11.697751  14.030807  9.054989  11.058380  
35  14.654033  17.575098  9.304425  11.428460  
INFO:__main__:{'learning_rate': 0.001, 'normalize': 'standardize', 'epochs': 300, 'batch_size': 6}
WARNING:NP.forecaster:When Global modeling with local normalization, metrics are displayed in normalized scale.
INFO:NP.df_utils:Major frequency -31D corresponds to 57.674% of the data.
WARNING:NP.df_utils:Dataframe has multiple frequencies. It will be resampled according to given freq MS. Ignore                     message if actual frequency is any of the following:  SM, BM, CBM, SMS, BMS, CBMS, BQ, BQS, BA,                         or, BAS.
INFO:NP.config:Setting normalization to global as only one dataframe provided for training.
INFO:NP.utils:Disabling weekly seasonality. Run NeuralProphet with weekly_seasonality=True to override this.
INFO:NP.utils:Disabling daily seasonality. Run NeuralProphet with daily_seasonality=True to override this.
INFO:__main__:       MAE_val   RMSE_val  Loss_val  RegLoss_val  epoch        MAE       RMSE  \
0    22.935738  27.552851  0.769458          0.0      0  31.349964  35.332024   
1    22.957733  27.572784  0.770173          0.0      1  31.267712  34.837490   
2    22.980276  27.592506  0.770904          0.0      2  31.164547  35.073662   
3    22.999941  27.611778  0.771549          0.0      3  31.049223  34.814117   
4    23.020254  27.630163  0.772193          0.0      4  30.974541  35.146393   
..         ...        ...       ...          ...    ...        ...        ...   
295  27.452646  29.956537  0.932707          0.0    295   6.818879   8.585931   
296  27.451777  29.955667  0.932675          0.0    296   6.797910   8.557787   
297  27.450953  29.954905  0.932645          0.0    297   6.822203   8.527881   
298  27.450235  29.954287  0.932619          0.0    298   6.798226   8.385985   
299  27.449408  29.953516  0.932589          0.0    299   6.832256   8.478474   

         Loss  RegLoss  
0    1.747231      0.0  
1    1.742686      0.0  
2    1.735111      0.0  
3    1.729383      0.0  
4    1.725170      0.0  
..        ...      ...  
295  0.258920      0.0  
296  0.258172      0.0  
297  0.259399      0.0  
298  0.258175      0.0  
299  0.259431      0.0  

[300 rows x 9 columns]
INFO:NP.df_utils:Major frequency -31D corresponds to 50.0% of the data.
WARNING:NP.df_utils:Dataframe has multiple frequencies. It will be resampled according to given freq MS. Ignore                     message if actual frequency is any of the following:  SM, BM, CBM, SMS, BMS, CBMS, BQ, BQS, BA,                         or, BAS.
INFO:NP.df_utils:Major frequency -31D corresponds to 50.0% of the data.
WARNING:NP.df_utils:Dataframe has multiple frequencies. It will be resampled according to given freq MS. Ignore                     message if actual frequency is any of the following:  SM, BM, CBM, SMS, BMS, CBMS, BQ, BQS, BA,                         or, BAS.
INFO:NP.df_utils:Returning df with no ID column
INFO:NP.df_utils:Major frequency -31D corresponds to 50.0% of the data.
WARNING:NP.df_utils:Dataframe has multiple frequencies. It will be resampled according to given freq MS. Ignore                     message if actual frequency is any of the following:  SM, BM, CBM, SMS, BMS, CBMS, BQ, BQS, BA,                         or, BAS.
INFO:__main__:    MAE_val  RMSE_val  Loss_test  RegLoss_test
0  8.159867  8.915497   0.452427           0.0
INFO:NP.df_utils:Major frequency -31D corresponds to 50.0% of the data.
WARNING:NP.df_utils:Dataframe has multiple frequencies. It will be resampled according to given freq MS. Ignore                     message if actual frequency is any of the following:  SM, BM, CBM, SMS, BMS, CBMS, BQ, BQS, BA,                         or, BAS.
INFO:NP.df_utils:Major frequency -31D corresponds to 50.0% of the data.
WARNING:NP.df_utils:Dataframe has multiple frequencies. It will be resampled according to given freq MS. Ignore                     message if actual frequency is any of the following:  SM, BM, CBM, SMS, BMS, CBMS, BQ, BQS, BA,                         or, BAS.
INFO:NP.df_utils:Returning df with no ID column
INFO:NP.df_utils:Major frequency -31D corresponds to 50.0% of the data.
WARNING:NP.df_utils:Dataframe has multiple frequencies. It will be resampled according to given freq MS. Ignore                     message if actual frequency is any of the following:  SM, BM, CBM, SMS, BMS, CBMS, BQ, BQS, BA,                         or, BAS.
INFO:__main__:    MAE_val  RMSE_val  Loss_test  RegLoss_test
0  8.159867  8.915497   0.452427           0.0
INFO:NP.df_utils:Major frequency -31D corresponds to 57.937% of the data.
WARNING:NP.df_utils:Dataframe has multiple frequencies. It will be resampled according to given freq MS. Ignore                     message if actual frequency is any of the following:  SM, BM, CBM, SMS, BMS, CBMS, BQ, BQS, BA,                         or, BAS.
INFO:NP.df_utils:Returning df with no ID column
INFO:__main__:            ds     y
0   2020-12-01  13.0
1   2020-11-01  23.0
2   2020-10-01  34.0
3   2020-09-01  46.0
4   2020-08-01  46.0
..         ...   ...
271 2022-08-01   NaN
272 2022-09-01   NaN
273 2022-10-01   NaN
274 2022-11-01   NaN
275 2022-12-01   NaN

[276 rows x 2 columns]
INFO:NP.df_utils:Major frequency -31D corresponds to 52.899% of the data.
WARNING:NP.df_utils:Dataframe has multiple frequencies. It will be resampled according to given freq MS. Ignore                     message if actual frequency is any of the following:  SM, BM, CBM, SMS, BMS, CBMS, BQ, BQS, BA,                         or, BAS.
INFO:NP.df_utils:Major frequency -31D corresponds to 52.899% of the data.
WARNING:NP.df_utils:Dataframe has multiple frequencies. It will be resampled according to given freq MS. Ignore                     message if actual frequency is any of the following:  SM, BM, CBM, SMS, BMS, CBMS, BQ, BQS, BA,                         or, BAS.
INFO:NP.data.processing:Dropped 24 rows at the end with NaNs in 'y' column.
INFO:NP.df_utils:Returning df with no ID column
INFO:__main__:            ds     y      yhat1      trend  season_yearly  events_additive  \
0   2020-12-01  13.0  29.161314  34.687443      -5.526130              0.0   
1   2020-11-01  23.0  30.622116  34.659199      -4.037085              0.0   
2   2020-10-01  34.0  33.901134  34.630016      -0.728881              0.0   
3   2020-09-01  46.0  45.708763  34.601772      11.106989              0.0   
4   2020-08-01  46.0  37.496250  34.572586       2.923662              0.0   
..         ...   ...        ...        ...            ...              ...   
271 2022-08-01   NaN  38.035473  35.259846       2.775626              0.0   
272 2022-09-01   NaN  46.542625  35.289032      11.253593              0.0   
273 2022-10-01   NaN  34.642715  35.317272      -0.674558              0.0   
274 2022-11-01   NaN  31.459127  35.346458      -3.887331              0.0   
275 2022-12-01   NaN  29.720316  35.374702      -5.654387              0.0   

     event_Ascension Day  event_Ascension Day; Labor Day  event_Christmas Day  \
0                    0.0                             0.0                  0.0   
1                    0.0                             0.0                  0.0   
2                    0.0                             0.0                  0.0   
3                    0.0                             0.0                  0.0   
4                    0.0                             0.0                  0.0   
..                   ...                             ...                  ...   
271                  0.0                             0.0                  0.0   
272                  0.0                             0.0                  0.0   
273                  0.0                             0.0                  0.0   
274                  0.0                             0.0                  0.0   
275                  0.0                             0.0                  0.0   

     event_Easter Monday  event_German Unity Day  event_Good Friday  \
0                    0.0                     0.0                0.0   
1                    0.0                     0.0                0.0   
2                    0.0                     0.0                0.0   
3                    0.0                     0.0                0.0   
4                    0.0                     0.0                0.0   
..                   ...                     ...                ...   
271                  0.0                     0.0                0.0   
272                  0.0                     0.0                0.0   
273                  0.0                     0.0                0.0   
274                  0.0                     0.0                0.0   
275                  0.0                     0.0                0.0   

     event_Labor Day  event_New Year's Day  event_Reformation Day  \
0                0.0                   0.0                    0.0   
1                0.0                   0.0                    0.0   
2                0.0                   0.0                    0.0   
3                0.0                   0.0                    0.0   
4                0.0                   0.0                    0.0   
..               ...                   ...                    ...   
271              0.0                   0.0                    0.0   
272              0.0                   0.0                    0.0   
273              0.0                   0.0                    0.0   
274              0.0                   0.0                    0.0   
275              0.0                   0.0                    0.0   

     event_Second Day of Christmas  event_Whit Monday  
0                              0.0                0.0  
1                              0.0                0.0  
2                              0.0                0.0  
3                              0.0                0.0  
4                              0.0                0.0  
..                             ...                ...  
271                            0.0                0.0  
272                            0.0                0.0  
273                            0.0                0.0  
274                            0.0                0.0  
275                            0.0                0.0  

[276 rows x 17 columns]
INFO:__main__:model_alk_ins saved.
INFO:__main__:(252, 2)
INFO:__main__:(12, 2)
INFO:NP.df_utils:Major frequency -31D corresponds to 57.937% of the data.
WARNING:NP.df_utils:Dataframe has multiple frequencies. It will be resampled according to given freq MS. Ignore                     message if actual frequency is any of the following:  SM, BM, CBM, SMS, BMS, CBMS, BQ, BQS, BA,                         or, BAS.
INFO:NP.df_utils:Returning df with no ID column
INFO:NP.df_utils:Returning df with no ID column
INFO:__main__:Dataset size:264
INFO:__main__:Train dataset size:215
INFO:__main__:Validation dataset size:37
WARNING:NP.forecaster:When Global modeling with local normalization, metrics are displayed in normalized scale.
INFO:NP.df_utils:Major frequency -31D corresponds to 57.674% of the data.
WARNING:NP.df_utils:Dataframe has multiple frequencies. It will be resampled according to given freq MS. Ignore                     message if actual frequency is any of the following:  SM, BM, CBM, SMS, BMS, CBMS, BQ, BQS, BA,                         or, BAS.
INFO:NP.config:Setting normalization to global as only one dataframe provided for training.
INFO:NP.utils:Disabling weekly seasonality. Run NeuralProphet with weekly_seasonality=True to override this.
INFO:NP.utils:Disabling daily seasonality. Run NeuralProphet with daily_seasonality=True to override this.
INFO:NP.df_utils:Major frequency -31D corresponds to 50.0% of the data.
WARNING:NP.df_utils:Dataframe has multiple frequencies. It will be resampled according to given freq MS. Ignore                     message if actual frequency is any of the following:  SM, BM, CBM, SMS, BMS, CBMS, BQ, BQS, BA,                         or, BAS.
INFO:__main__:{'learning_rate': 0.001, 'normalize': 'minmax', 'epochs': 300, 'batch_size': 3}
INFO:__main__:training MAE:4.422996520996094
INFO:__main__:training RMSE:5.195527076721191
INFO:__main__:validation MAE:12.246253967285156
INFO:__main__:validation RMSE:14.311440467834473
INFO:__main__:test MAE:7.695999622344971
INFO:__main__:test RMSE:8.640816688537598
INFO:__main__:---------------------------------
WARNING:NP.forecaster:When Global modeling with local normalization, metrics are displayed in normalized scale.
INFO:NP.df_utils:Major frequency -31D corresponds to 57.674% of the data.
WARNING:NP.df_utils:Dataframe has multiple frequencies. It will be resampled according to given freq MS. Ignore                     message if actual frequency is any of the following:  SM, BM, CBM, SMS, BMS, CBMS, BQ, BQS, BA,                         or, BAS.
INFO:NP.config:Setting normalization to global as only one dataframe provided for training.
INFO:NP.utils:Disabling weekly seasonality. Run NeuralProphet with weekly_seasonality=True to override this.
INFO:NP.utils:Disabling daily seasonality. Run NeuralProphet with daily_seasonality=True to override this.
INFO:NP.df_utils:Major frequency -31D corresponds to 50.0% of the data.
WARNING:NP.df_utils:Dataframe has multiple frequencies. It will be resampled according to given freq MS. Ignore                     message if actual frequency is any of the following:  SM, BM, CBM, SMS, BMS, CBMS, BQ, BQS, BA,                         or, BAS.
INFO:__main__:{'learning_rate': 0.001, 'normalize': 'minmax', 'epochs': 300, 'batch_size': 6}
INFO:__main__:training MAE:4.649805068969727
INFO:__main__:training RMSE:5.695128440856934
INFO:__main__:validation MAE:9.36305046081543
INFO:__main__:validation RMSE:11.700039863586426
INFO:__main__:test MAE:7.498538494110107
INFO:__main__:test RMSE:8.583123207092285
INFO:__main__:---------------------------------
WARNING:NP.forecaster:When Global modeling with local normalization, metrics are displayed in normalized scale.
INFO:NP.df_utils:Major frequency -31D corresponds to 57.674% of the data.
WARNING:NP.df_utils:Dataframe has multiple frequencies. It will be resampled according to given freq MS. Ignore                     message if actual frequency is any of the following:  SM, BM, CBM, SMS, BMS, CBMS, BQ, BQS, BA,                         or, BAS.
INFO:NP.config:Setting normalization to global as only one dataframe provided for training.
INFO:NP.utils:Disabling weekly seasonality. Run NeuralProphet with weekly_seasonality=True to override this.
INFO:NP.utils:Disabling daily seasonality. Run NeuralProphet with daily_seasonality=True to override this.
INFO:NP.df_utils:Major frequency -31D corresponds to 50.0% of the data.
WARNING:NP.df_utils:Dataframe has multiple frequencies. It will be resampled according to given freq MS. Ignore                     message if actual frequency is any of the following:  SM, BM, CBM, SMS, BMS, CBMS, BQ, BQS, BA,                         or, BAS.
INFO:__main__:{'learning_rate': 0.001, 'normalize': 'minmax', 'epochs': 300, 'batch_size': 12}
INFO:__main__:training MAE:4.736616134643555
INFO:__main__:training RMSE:5.911038875579834
INFO:__main__:validation MAE:15.036242485046387
INFO:__main__:validation RMSE:16.995033264160156
INFO:__main__:test MAE:6.520900249481201
INFO:__main__:test RMSE:8.20227336883545
INFO:__main__:---------------------------------
WARNING:NP.forecaster:When Global modeling with local normalization, metrics are displayed in normalized scale.
INFO:NP.df_utils:Major frequency -31D corresponds to 57.674% of the data.
WARNING:NP.df_utils:Dataframe has multiple frequencies. It will be resampled according to given freq MS. Ignore                     message if actual frequency is any of the following:  SM, BM, CBM, SMS, BMS, CBMS, BQ, BQS, BA,                         or, BAS.
INFO:NP.config:Setting normalization to global as only one dataframe provided for training.
INFO:NP.utils:Disabling weekly seasonality. Run NeuralProphet with weekly_seasonality=True to override this.
INFO:NP.utils:Disabling daily seasonality. Run NeuralProphet with daily_seasonality=True to override this.
INFO:NP.df_utils:Major frequency -31D corresponds to 50.0% of the data.
WARNING:NP.df_utils:Dataframe has multiple frequencies. It will be resampled according to given freq MS. Ignore                     message if actual frequency is any of the following:  SM, BM, CBM, SMS, BMS, CBMS, BQ, BQS, BA,                         or, BAS.
INFO:__main__:{'learning_rate': 0.001, 'normalize': 'soft', 'epochs': 300, 'batch_size': 3}
INFO:__main__:training MAE:4.403280258178711
INFO:__main__:training RMSE:5.14858341217041
INFO:__main__:validation MAE:11.374072074890137
INFO:__main__:validation RMSE:13.557719230651855
INFO:__main__:test MAE:7.783566951751709
INFO:__main__:test RMSE:8.699200630187988
INFO:__main__:---------------------------------
WARNING:NP.forecaster:When Global modeling with local normalization, metrics are displayed in normalized scale.
INFO:NP.df_utils:Major frequency -31D corresponds to 57.674% of the data.
WARNING:NP.df_utils:Dataframe has multiple frequencies. It will be resampled according to given freq MS. Ignore                     message if actual frequency is any of the following:  SM, BM, CBM, SMS, BMS, CBMS, BQ, BQS, BA,                         or, BAS.
INFO:NP.config:Setting normalization to global as only one dataframe provided for training.
INFO:NP.utils:Disabling weekly seasonality. Run NeuralProphet with weekly_seasonality=True to override this.
INFO:NP.utils:Disabling daily seasonality. Run NeuralProphet with daily_seasonality=True to override this.
WARNING:py.warnings:/u/halle/zhouni/home_at/.local/lib/python3.10/site-packages/pytorch_lightning/trainer/call.py:48: UserWarning:

Detected KeyboardInterrupt, attempting graceful shutdown...


INFO:NP.df_utils:Major frequency -31D corresponds to 50.0% of the data.
WARNING:NP.df_utils:Dataframe has multiple frequencies. It will be resampled according to given freq MS. Ignore                     message if actual frequency is any of the following:  SM, BM, CBM, SMS, BMS, CBMS, BQ, BQS, BA,                         or, BAS.
INFO:__main__:{'learning_rate': 0.001, 'normalize': 'soft', 'epochs': 300, 'batch_size': 6}
INFO:__main__:training MAE:4.44044303894043
INFO:__main__:training RMSE:5.528604507446289
INFO:__main__:validation MAE:9.4325532913208
INFO:__main__:validation RMSE:12.26020336151123
INFO:__main__:test MAE:7.491863250732422
INFO:__main__:test RMSE:8.453214645385742
INFO:__main__:---------------------------------
WARNING:NP.forecaster:When Global modeling with local normalization, metrics are displayed in normalized scale.
INFO:NP.df_utils:Major frequency -31D corresponds to 57.674% of the data.
WARNING:NP.df_utils:Dataframe has multiple frequencies. It will be resampled according to given freq MS. Ignore                     message if actual frequency is any of the following:  SM, BM, CBM, SMS, BMS, CBMS, BQ, BQS, BA,                         or, BAS.
INFO:NP.config:Setting normalization to global as only one dataframe provided for training.
INFO:NP.utils:Disabling weekly seasonality. Run NeuralProphet with weekly_seasonality=True to override this.
INFO:NP.utils:Disabling daily seasonality. Run NeuralProphet with daily_seasonality=True to override this.
